<?xml version="1.0" encoding="UTF-8"?>
<!-- Generated by org.testng.reporters.JUnitReportReporter -->
<testsuite hostname="Nilesh-Rajendra-Behares-MacBook-Pro.local" failures="0" tests="2" name="amazon_Project.TestNg_Test" time="18.671" errors="0" timestamp="2022-09-01T16:39:42 IST" skipped="0">
  <testcase classname="amazon_Project.TestNg_Test" name="AmazonLogin" time="4.879"/>
  <system-out/>
  <testcase classname="amazon_Project.TestNg_Test" name="AddToCart" time="13.792"/>
  <system-out/>
</testsuite> <!-- amazon_Project.TestNg_Test -->
